
> frontend@0.1.0 dev
> next dev

   ▲ Next.js 16.0.3 (Turbopack)
   - Local:         http://localhost:3000
   - Network:       http://192.168.1.3:3000

 ✓ Starting...
 ✓ Ready in 505ms
 GET / 200 in 1033ms (compile: 971ms, render: 62ms)
 GET /api/trading/status 404 in 224ms (compile: 166ms, render: 57ms)
 GET /api/balance 404 in 224ms (compile: 162ms, render: 63ms)
 GET /api/trades 404 in 225ms (compile: 158ms, render: 67ms)
 GET /api/price 404 in 226ms (compile: 153ms, render: 72ms)
 GET /api/health 404 in 227ms (compile: 147ms, render: 79ms)
 GET /api/pnl 404 in 225ms (compile: 172ms, render: 52ms)
 GET /api/indicators 404 in 23ms (compile: 6ms, render: 17ms)
 GET /api/memory 404 in 24ms (compile: 1852µs, render: 22ms)
 GET /api/price 404 in 77ms (compile: 14ms, render: 64ms)
 GET /api/pnl 404 in 71ms (compile: 46ms, render: 25ms)
 GET /api/trading/status 404 in 76ms (compile: 23ms, render: 53ms)
 GET /api/candles 404 in 73ms (compile: 40ms, render: 33ms)
 GET /api/trades 404 in 101ms (compile: 25ms, render: 76ms)
 GET /api/price 404 in 104ms (compile: 15ms, render: 89ms)
 GET /api/candles 404 in 93ms (compile: 57ms, render: 36ms)
 GET /api/trading/status 404 in 99ms (compile: 45ms, render: 53ms)
 GET /api/pnl 404 in 55ms (compile: 30ms, render: 25ms)
 GET /api/memory 404 in 39ms (compile: 23ms, render: 16ms)
 GET /api/indicators 404 in 12ms (compile: 1139µs, render: 10ms)
 GET /api/trading/status 404 in 70ms (compile: 23ms, render: 48ms)
 GET /api/candles 404 in 69ms (compile: 30ms, render: 39ms)
 GET /api/price 404 in 73ms (compile: 12ms, render: 61ms)
 GET /api/pnl 404 in 68ms (compile: 39ms, render: 30ms)
 GET /api/price 404 in 87ms (compile: 15ms, render: 72ms)
 GET /api/trades 404 in 85ms (compile: 23ms, render: 63ms)
 GET /api/trading/status 404 in 84ms (compile: 30ms, render: 54ms)
 GET /api/memory 404 in 80ms (compile: 44ms, render: 36ms)
 GET /api/pnl 404 in 82ms (compile: 40ms, render: 42ms)
 GET /api/candles 404 in 83ms (compile: 34ms, render: 49ms)
 GET /api/indicators 404 in 13ms (compile: 1097µs, render: 12ms)
 GET /api/health 404 in 89ms (compile: 15ms, render: 74ms)
 GET /api/trading/status 404 in 85ms (compile: 35ms, render: 50ms)
 GET /api/pnl 404 in 83ms (compile: 46ms, render: 37ms)
 GET /api/candles 404 in 84ms (compile: 39ms, render: 45ms)
 GET /api/balance 404 in 87ms (compile: 30ms, render: 56ms)
 GET /api/price 404 in 88ms (compile: 24ms, render: 64ms)
 GET /api/price 404 in 91ms (compile: 18ms, render: 73ms)
 GET /api/candles 404 in 85ms (compile: 37ms, render: 48ms)
 GET /api/trades 404 in 89ms (compile: 26ms, render: 63ms)
 GET /api/trading/status 404 in 87ms (compile: 32ms, render: 55ms)
 GET /api/pnl 404 in 84ms (compile: 41ms, render: 44ms)
 GET /api/memory 404 in 83ms (compile: 45ms, render: 38ms)
 GET /api/indicators 404 in 11ms (compile: 917µs, render: 10ms)
 GET /api/pnl 404 in 68ms (compile: 36ms, render: 31ms)
 GET /api/price 404 in 74ms (compile: 14ms, render: 60ms)
 GET /api/candles 404 in 69ms (compile: 31ms, render: 38ms)
 GET /api/trading/status 404 in 71ms (compile: 24ms, render: 47ms)
